INFO: [VRFC 10-163] Analyzing VHDL file "C:/Users/Benjamin/Documents/Word documents/CPP/ECE 5850/5850-Ublaze-Applications/src/uBlaze_Applications/uBlaze_Applications.ip_user_files/bd/base_mb/ip/base_mb_microblaze_0_0/sim/base_mb_microblaze_0_0.vhd" into library xil_defaultlib
INFO: [VRFC 10-3107] analyzing entity 'base_mb_microblaze_0_0'
INFO: [VRFC 10-163] Analyzing VHDL file "C:/Users/Benjamin/Documents/Word documents/CPP/ECE 5850/5850-Ublaze-Applications/src/uBlaze_Applications/uBlaze_Applications.ip_user_files/bd/base_mb/ip/base_mb_dlmb_v10_0/sim/base_mb_dlmb_v10_0.vhd" into library xil_defaultlib
INFO: [VRFC 10-3107] analyzing entity 'base_mb_dlmb_v10_0'
INFO: [VRFC 10-163] Analyzing VHDL file "C:/Users/Benjamin/Documents/Word documents/CPP/ECE 5850/5850-Ublaze-Applications/src/uBlaze_Applications/uBlaze_Applications.ip_user_files/bd/base_mb/ip/base_mb_ilmb_v10_0/sim/base_mb_ilmb_v10_0.vhd" into library xil_defaultlib
INFO: [VRFC 10-3107] analyzing entity 'base_mb_ilmb_v10_0'
INFO: [VRFC 10-163] Analyzing VHDL file "C:/Users/Benjamin/Documents/Word documents/CPP/ECE 5850/5850-Ublaze-Applications/src/uBlaze_Applications/uBlaze_Applications.ip_user_files/bd/base_mb/ip/base_mb_dlmb_bram_if_cntlr_0/sim/base_mb_dlmb_bram_if_cntlr_0.vhd" into library xil_defaultlib
INFO: [VRFC 10-3107] analyzing entity 'base_mb_dlmb_bram_if_cntlr_0'
INFO: [VRFC 10-163] Analyzing VHDL file "C:/Users/Benjamin/Documents/Word documents/CPP/ECE 5850/5850-Ublaze-Applications/src/uBlaze_Applications/uBlaze_Applications.ip_user_files/bd/base_mb/ip/base_mb_ilmb_bram_if_cntlr_0/sim/base_mb_ilmb_bram_if_cntlr_0.vhd" into library xil_defaultlib
INFO: [VRFC 10-3107] analyzing entity 'base_mb_ilmb_bram_if_cntlr_0'
INFO: [VRFC 10-163] Analyzing VHDL file "C:/Users/Benjamin/Documents/Word documents/CPP/ECE 5850/5850-Ublaze-Applications/src/uBlaze_Applications/uBlaze_Applications.ip_user_files/bd/base_mb/ip/base_mb_mdm_1_0/sim/base_mb_mdm_1_0.vhd" into library xil_defaultlib
INFO: [VRFC 10-3107] analyzing entity 'base_mb_mdm_1_0'
INFO: [VRFC 10-163] Analyzing VHDL file "C:/Users/Benjamin/Documents/Word documents/CPP/ECE 5850/5850-Ublaze-Applications/src/uBlaze_Applications/uBlaze_Applications.ip_user_files/bd/base_mb/ip/base_mb_rst_clk_wiz_1_100M_0/sim/base_mb_rst_clk_wiz_1_100M_0.vhd" into library xil_defaultlib
INFO: [VRFC 10-3107] analyzing entity 'base_mb_rst_clk_wiz_1_100M_0'
INFO: [VRFC 10-163] Analyzing VHDL file "C:/Users/Benjamin/Documents/Word documents/CPP/ECE 5850/5850-Ublaze-Applications/src/uBlaze_Applications/uBlaze_Applications.ip_user_files/bd/base_mb/ip/base_mb_axi_uartlite_0_0/sim/base_mb_axi_uartlite_0_0.vhd" into library xil_defaultlib
INFO: [VRFC 10-3107] analyzing entity 'base_mb_axi_uartlite_0_0'
INFO: [VRFC 10-163] Analyzing VHDL file "C:/Users/Benjamin/Documents/Word documents/CPP/ECE 5850/5850-Ublaze-Applications/src/uBlaze_Applications/uBlaze_Applications.ip_user_files/bd/base_mb/ip/base_mb_axi_gpio_0_0/sim/base_mb_axi_gpio_0_0.vhd" into library xil_defaultlib
INFO: [VRFC 10-3107] analyzing entity 'base_mb_axi_gpio_0_0'
INFO: [VRFC 10-163] Analyzing VHDL file "C:/Users/Benjamin/Documents/Word documents/CPP/ECE 5850/5850-Ublaze-Applications/src/uBlaze_Applications/uBlaze_Applications.ip_user_files/bd/base_mb/sim/base_mb.vhd" into library xil_defaultlib
INFO: [VRFC 10-3107] analyzing entity 'm00_couplers_imp_18U4BL6'
INFO: [VRFC 10-3107] analyzing entity 'm01_couplers_imp_AM0Y5L'
INFO: [VRFC 10-3107] analyzing entity 'microblaze_0_local_memory_imp_Q0A2Y'
INFO: [VRFC 10-3107] analyzing entity 's00_couplers_imp_AQ37SM'
INFO: [VRFC 10-3107] analyzing entity 'base_mb_microblaze_0_axi_periph_0'
INFO: [VRFC 10-3107] analyzing entity 'base_mb'
INFO: [VRFC 10-163] Analyzing VHDL file "C:/Users/Benjamin/Documents/Word documents/CPP/ECE 5850/5850-Ublaze-Applications/src/uBlaze_Applications/uBlaze_Applications.srcs/sources_1/bd/base_mb/hdl/base_mb_wrapper.vhd" into library xil_defaultlib
INFO: [VRFC 10-3107] analyzing entity 'base_mb_wrapper'
