Copyright 1986-2018 Xilinx, Inc. All Rights Reserved.
-------------------------------------------------------------------------------------------------------------------------------------------------------------------
| Tool Version     : Vivado v.2018.3 (win64) Build 2405991 Thu Dec  6 23:38:27 MST 2018
| Date             : Sat Apr 20 14:37:15 2019
| Host             : Drew running 64-bit major release  (build 9200)
| Command          : report_power -file base_mb_wrapper_power_routed.rpt -pb base_mb_wrapper_power_summary_routed.pb -rpx base_mb_wrapper_power_routed.rpx
| Design           : base_mb_wrapper
| Device           : xc7s50csga324-1
| Design State     : routed
| Grade            : commercial
| Process          : typical
| Characterization : Production
-------------------------------------------------------------------------------------------------------------------------------------------------------------------

Power Report

Table of Contents
-----------------
1. Summary
1.1 On-Chip Components
1.2 Power Supply Summary
1.3 Confidence Level
2. Settings
2.1 Environment
2.2 Clock Constraints
3. Detailed Reports
3.1 By Hierarchy

1. Summary
----------

+--------------------------+--------------+
| Total On-Chip Power (W)  | 0.202        |
| Design Power Budget (W)  | Unspecified* |
| Power Budget Margin (W)  | NA           |
| Dynamic (W)              | 0.129        |
| Device Static (W)        | 0.072        |
| Effective TJA (C/W)      | 4.9          |
| Max Ambient (C)          | 84.0         |
| Junction Temperature (C) | 26.0         |
| Confidence Level         | Low          |
| Setting File             | ---          |
| Simulation Activity File | ---          |
| Design Nets Matched      | NA           |
+--------------------------+--------------+
* Specify Design Power Budget using, set_operating_conditions -design_power_budget <value in Watts>


1.1 On-Chip Components
----------------------

+--------------------------+-----------+----------+-----------+-----------------+
| On-Chip                  | Power (W) | Used     | Available | Utilization (%) |
+--------------------------+-----------+----------+-----------+-----------------+
| Clocks                   |     0.009 |        7 |       --- |             --- |
| Slice Logic              |     0.005 |     4592 |       --- |             --- |
|   LUT as Logic           |     0.003 |     1665 |     32600 |            5.11 |
|   LUT as Distributed RAM |    <0.001 |       64 |      9600 |            0.67 |
|   CARRY4                 |    <0.001 |       86 |      8150 |            1.06 |
|   Register               |    <0.001 |     1667 |     65200 |            2.56 |
|   F7/F8 Muxes            |    <0.001 |      111 |     32600 |            0.34 |
|   LUT as Shift Register  |    <0.001 |       74 |      9600 |            0.77 |
|   Others                 |    <0.001 |      498 |       --- |             --- |
| Signals                  |     0.006 |     3099 |       --- |             --- |
| Block RAM                |     0.002 |        8 |        75 |           10.67 |
| PLL                      |     0.103 |        1 |         5 |           20.00 |
| I/O                      |     0.005 |       15 |       210 |            7.14 |
| Static Power             |     0.072 |          |           |                 |
| Total                    |     0.202 |          |           |                 |
+--------------------------+-----------+----------+-----------+-----------------+


1.2 Power Supply Summary
------------------------

+-----------+-------------+-----------+-------------+------------+
| Source    | Voltage (V) | Total (A) | Dynamic (A) | Static (A) |
+-----------+-------------+-----------+-------------+------------+
| Vccint    |       1.000 |     0.041 |       0.031 |      0.010 |
| Vccaux    |       1.800 |     0.065 |       0.052 |      0.013 |
| Vcco33    |       3.300 |     0.002 |       0.001 |      0.001 |
| Vcco25    |       2.500 |     0.000 |       0.000 |      0.000 |
| Vcco18    |       1.800 |     0.000 |       0.000 |      0.000 |
| Vcco15    |       1.500 |     0.000 |       0.000 |      0.000 |
| Vcco135   |       1.350 |     0.000 |       0.000 |      0.000 |
| Vcco12    |       1.200 |     0.000 |       0.000 |      0.000 |
| Vccaux_io |       1.800 |     0.000 |       0.000 |      0.000 |
| Vccbram   |       1.000 |     0.001 |       0.000 |      0.000 |
| Vccadc    |       1.800 |     0.020 |       0.000 |      0.020 |
+-----------+-------------+-----------+-------------+------------+


1.3 Confidence Level
--------------------

+-----------------------------+------------+--------------------------------------------------------+------------------------------------------------------------------------------------------------------------+
| User Input Data             | Confidence | Details                                                | Action                                                                                                     |
+-----------------------------+------------+--------------------------------------------------------+------------------------------------------------------------------------------------------------------------+
| Design implementation state | High       | Design is routed                                       |                                                                                                            |
| Clock nodes activity        | High       | User specified more than 95% of clocks                 |                                                                                                            |
| I/O nodes activity          | Low        | More than 75% of inputs are missing user specification | Provide missing input activity with simulation results or by editing the "By Resource Type -> I/Os" view   |
| Internal nodes activity     | Medium     | User specified less than 25% of internal nodes         | Provide missing internal nodes activity with simulation results or by editing the "By Resource Type" views |
| Device models               | High       | Device models are Production                           |                                                                                                            |
|                             |            |                                                        |                                                                                                            |
| Overall confidence level    | Low        |                                                        |                                                                                                            |
+-----------------------------+------------+--------------------------------------------------------+------------------------------------------------------------------------------------------------------------+


2. Settings
-----------

2.1 Environment
---------------

+-----------------------+--------------------------+
| Ambient Temp (C)      | 25.0                     |
| ThetaJA (C/W)         | 4.9                      |
| Airflow (LFM)         | 250                      |
| Heat Sink             | medium (Medium Profile)  |
| ThetaSA (C/W)         | 4.6                      |
| Board Selection       | medium (10"x10")         |
| # of Board Layers     | 12to15 (12 to 15 Layers) |
| Board Temperature (C) | 25.0                     |
+-----------------------+--------------------------+


2.2 Clock Constraints
---------------------

+-----------------------------------------------------------+------------------------------------------------+-----------------+
| Clock                                                     | Domain                                         | Constraint (ns) |
+-----------------------------------------------------------+------------------------------------------------+-----------------+
| base_mb_i/mdm_1/U0/Use_E2.BSCAN_I/Use_E2.BSCANE2_I/DRCK   | base_mb_i/mdm_1/U0/Use_E2.BSCAN_I/DRCK         |            33.3 |
| base_mb_i/mdm_1/U0/Use_E2.BSCAN_I/Use_E2.BSCANE2_I/UPDATE | base_mb_i/mdm_1/U0/Use_E2.BSCAN_I/Dbg_Update_0 |            33.3 |
| clk_wiz_1_clkfb_out                                       | base_mb_i/clk_wiz_1/inst/clkfb_out             |            10.0 |
| microblaze_0_Clk                                          | base_mb_i/clk_wiz_1/inst/clk_out1              |            10.0 |
| sys_clk                                                   | sys_clk                                        |            10.0 |
+-----------------------------------------------------------+------------------------------------------------+-----------------+


3. Detailed Reports
-------------------

3.1 By Hierarchy
----------------

+-------------------------------+-----------+
| Name                          | Power (W) |
+-------------------------------+-----------+
| base_mb_wrapper               |     0.129 |
|   base_mb_i                   |     0.125 |
|     axi_timer_0               |     0.004 |
|       U0                      |     0.004 |
|     clk_wiz_1                 |     0.103 |
|       inst                    |     0.103 |
|     microblaze_0              |     0.012 |
|       U0                      |     0.012 |
|     microblaze_0_local_memory |     0.002 |
|       lmb_bram                |     0.002 |
+-------------------------------+-----------+


